<?xml version="1.0" encoding="UTF-8"?>
<!-- Generated by org.testng.reporters.JUnitReportReporter -->
<testsuite hostname="anas-Lenovo-G50-70" failures="0" tests="1" name="tests.RegisterationTest" time="3.929" errors="0" timestamp="2021-06-25T08:54:05 EET" skipped="0">
  <testcase classname="tests.RegisterationTest" name="userRegisterWithValidInput" time="3.929"/>
  <system-out/>
</testsuite> <!-- tests.RegisterationTest -->
